https://www.nature.com/articles/s41566-026-01934-y
https://www.nature.com/articles/s41566-026-01930-2
https://arxiv.org/abs/2606.05992
https://optics.org/news/epfl-builds-photonic-chip-that-rivals-much-larger-laboratory-lasers
https://www.optica-opn.org/home/newsroom/2026/june/electrically_tuning_second-harmonic_generation/
https://epic-photonics.com/news-media/growing-a-young-company-in-a-competitive-and-uncertain-world/
https://www.edn.com/where-co-packaged-optics-cpo-technology-stands-in-2026/
https://picmagazine.net/article/121449/X-FAB_SMART_Photonics_and_Epiphany_Design_partner_on_InP-on-silicon_design
https://www.photondelta.com/news/global-photonics-engineering-contest-2026/
https://thequantuminsider.com/2026/06/03/quix-quantum-installs-real-time-control-component-for-universal-photonic-quantum-computer/
https://optics.org/news/heriot-watt-team-aims-to-commercialize-passive-alignment-approach
https://pradeepstechpoints.wordpress.com/2026/06/08/eu-chips-act-2-0-and-integrated-photonics-industry/
https://thequantuminsider.com/2026/06/02/european-photonics-firms-target-advance-in-quantum-networking/
https://lightmatter.co/press-release/lightmatter-joins-nvidia-nvlink-fusion/
https://www.prnewswire.com/news-releases/sivers--globalfoundries-advance-ai-data-center-optical-solutions-302788035.html
https://optics.org/press/6163
https://www.keysight.com/us/en/about/newsroom/news-releases/2026/0603_pr26-075-keysight-expands-photonics-design-ecosystem-with-globalfoundries-pdk.html
https://www.aimphotonics.com/news/aim-photonics-introduces-assembly-design-kit-to-streamline-photonic-packaging-design
https://arxiv.org/abs/2606.00915
https://www.nature.com/articles/s41566-026-01916-0
https://photonhub.eu/event/photonics-partnership-annual-meeting-on-9-and-10-june-2026/
https://pixeurope.eu/
https://www.laserfocusworld.com/optics/article/55373416/any-wavelength-lasers-for-pics
